<?xml version="1.0" encoding="UTF-8"?>
<!-- Generated by org.testng.reporters.JUnitXMLReporter -->
<testsuite ignored="0" hostname="nithi-18729-gf" failures="0" tests="3" name="Test" time="4.607" errors="0" timestamp="2024-04-23T12:31:43 IST">
  <testcase classname="day4.GetAccestoken" name="getToken" time="2.089"/>
  <testcase classname="day4.SalesOrderFromNative" name="getLastSalesOrderNumber" time="1.243"/>
  <testcase classname="day4.SalesOrderFromNative" name="postSalesOrder" time="1.238"/>
</testsuite> <!-- Test -->
