<?xml version="1.0" encoding="UTF-8"?>
<testng-results ignored="0" total="4" passed="4" failed="0" skipped="0">
  <reporter-output>
  </reporter-output>
  <suite started-at="2024-08-13T11:19:37 IST" name="Suite" finished-at="2024-08-13T21:37:39 IST" duration-ms="37082024">
    <groups>
    </groups>
    <test started-at="2024-08-13T11:19:37 IST" name="Test3" finished-at="2024-08-13T13:22:09 IST" duration-ms="7351375">
      <class name="day3.ItemCreation">
        <test-method signature="createItem()[pri:0, instance:day3.ItemCreation@1df8da7a]" started-at="2024-08-13T11:19:37 IST" name="createItem" finished-at="2024-08-13T13:22:09 IST" duration-ms="7351315" status="PASS">
          <reporter-output>
          </reporter-output>
        </test-method> <!-- createItem -->
      </class> <!-- day3.ItemCreation -->
    </test> <!-- Test3 -->
    <test started-at="2024-08-13T11:19:37 IST" name="Test4" finished-at="2024-08-13T13:23:10 IST" duration-ms="7412365">
      <class name="day3.ItemCreation">
        <test-method signature="createItem()[pri:0, instance:day3.ItemCreation@5efa40fe]" started-at="2024-08-13T11:19:37 IST" name="createItem" finished-at="2024-08-13T13:23:10 IST" duration-ms="7412318" status="PASS">
          <reporter-output>
          </reporter-output>
        </test-method> <!-- createItem -->
      </class> <!-- day3.ItemCreation -->
    </test> <!-- Test4 -->
    <test started-at="2024-08-13T11:19:37 IST" name="Test2" finished-at="2024-08-13T21:37:39 IST" duration-ms="37082001">
      <class name="day3.ItemCreation">
        <test-method signature="createItem()[pri:0, instance:day3.ItemCreation@508dec2b]" started-at="2024-08-13T11:19:37 IST" name="createItem" finished-at="2024-08-13T21:37:39 IST" duration-ms="37081850" status="PASS">
          <reporter-output>
          </reporter-output>
        </test-method> <!-- createItem -->
      </class> <!-- day3.ItemCreation -->
    </test> <!-- Test2 -->
    <test started-at="2024-08-13T11:19:37 IST" name="Test1" finished-at="2024-08-13T21:37:39 IST" duration-ms="37082024">
      <class name="day3.ItemCreation">
        <test-method signature="createItem()[pri:0, instance:day3.ItemCreation@790da477]" started-at="2024-08-13T11:19:37 IST" name="createItem" finished-at="2024-08-13T21:37:39 IST" duration-ms="37081860" status="PASS">
          <reporter-output>
          </reporter-output>
        </test-method> <!-- createItem -->
      </class> <!-- day3.ItemCreation -->
    </test> <!-- Test1 -->
  </suite> <!-- Suite -->
</testng-results>
